<?xml version="1.0" encoding="UTF-8"?>
<testng-results ignored="0" total="4" passed="4" failed="0" skipped="0">
  <reporter-output>
  </reporter-output>
  <suite started-at="2026-05-10T16:40:22 IST" name="Default suite" finished-at="2026-05-10T16:40:29 IST" duration-ms="7103">
    <groups>
    </groups>
    <test started-at="2026-05-10T16:40:22 IST" name="Default test" finished-at="2026-05-10T16:40:29 IST" duration-ms="7103">
      <class name="testScripts.LoginTest">
        <test-method is-config="true" signature="browserLaunch()[pri:0, instance:testScripts.LoginTest@2a3b5b47]" started-at="2026-05-10T16:40:22 IST" name="browserLaunch" finished-at="2026-05-10T16:40:23 IST" duration-ms="1409" status="PASS">
          <reporter-output>
          </reporter-output>
        </test-method> <!-- browserLaunch -->
        <test-method signature="verifyUserLoginWithInvalidCredentials()[pri:0, instance:testScripts.LoginTest@2a3b5b47]" started-at="2026-05-10T16:40:23 IST" name="verifyUserLoginWithInvalidCredentials" finished-at="2026-05-10T16:40:24 IST" duration-ms="598" status="PASS">
          <reporter-output>
          </reporter-output>
        </test-method> <!-- verifyUserLoginWithInvalidCredentials -->
        <test-method is-config="true" signature="browserCloseAndQuit()[pri:0, instance:testScripts.LoginTest@2a3b5b47]" started-at="2026-05-10T16:40:24 IST" name="browserCloseAndQuit" finished-at="2026-05-10T16:40:24 IST" duration-ms="156" status="PASS">
          <reporter-output>
          </reporter-output>
        </test-method> <!-- browserCloseAndQuit -->
        <test-method is-config="true" signature="browserLaunch()[pri:0, instance:testScripts.LoginTest@2a3b5b47]" started-at="2026-05-10T16:40:24 IST" name="browserLaunch" finished-at="2026-05-10T16:40:25 IST" duration-ms="1158" status="PASS">
          <reporter-output>
          </reporter-output>
        </test-method> <!-- browserLaunch -->
        <test-method signature="verifyUserLoginWithInvalidPassword()[pri:0, instance:testScripts.LoginTest@2a3b5b47]" started-at="2026-05-10T16:40:25 IST" name="verifyUserLoginWithInvalidPassword" finished-at="2026-05-10T16:40:26 IST" duration-ms="232" status="PASS">
          <reporter-output>
          </reporter-output>
        </test-method> <!-- verifyUserLoginWithInvalidPassword -->
        <test-method is-config="true" signature="browserCloseAndQuit()[pri:0, instance:testScripts.LoginTest@2a3b5b47]" started-at="2026-05-10T16:40:26 IST" name="browserCloseAndQuit" finished-at="2026-05-10T16:40:26 IST" duration-ms="143" status="PASS">
          <reporter-output>
          </reporter-output>
        </test-method> <!-- browserCloseAndQuit -->
        <test-method is-config="true" signature="browserLaunch()[pri:0, instance:testScripts.LoginTest@2a3b5b47]" started-at="2026-05-10T16:40:26 IST" name="browserLaunch" finished-at="2026-05-10T16:40:27 IST" duration-ms="1266" status="PASS">
          <reporter-output>
          </reporter-output>
        </test-method> <!-- browserLaunch -->
        <test-method signature="verifyUserLoginWithInvalidUsername()[pri:0, instance:testScripts.LoginTest@2a3b5b47]" started-at="2026-05-10T16:40:27 IST" name="verifyUserLoginWithInvalidUsername" finished-at="2026-05-10T16:40:27 IST" duration-ms="224" status="PASS">
          <reporter-output>
          </reporter-output>
        </test-method> <!-- verifyUserLoginWithInvalidUsername -->
        <test-method is-config="true" signature="browserCloseAndQuit()[pri:0, instance:testScripts.LoginTest@2a3b5b47]" started-at="2026-05-10T16:40:27 IST" name="browserCloseAndQuit" finished-at="2026-05-10T16:40:27 IST" duration-ms="127" status="PASS">
          <reporter-output>
          </reporter-output>
        </test-method> <!-- browserCloseAndQuit -->
        <test-method is-config="true" signature="browserLaunch()[pri:0, instance:testScripts.LoginTest@2a3b5b47]" started-at="2026-05-10T16:40:27 IST" name="browserLaunch" finished-at="2026-05-10T16:40:29 IST" duration-ms="1383" status="PASS">
          <reporter-output>
          </reporter-output>
        </test-method> <!-- browserLaunch -->
        <test-method signature="verifyUserLoginWithValidCredentials()[pri:0, instance:testScripts.LoginTest@2a3b5b47]" started-at="2026-05-10T16:40:29 IST" name="verifyUserLoginWithValidCredentials" finished-at="2026-05-10T16:40:29 IST" duration-ms="251" status="PASS">
          <reporter-output>
          </reporter-output>
        </test-method> <!-- verifyUserLoginWithValidCredentials -->
        <test-method is-config="true" signature="browserCloseAndQuit()[pri:0, instance:testScripts.LoginTest@2a3b5b47]" started-at="2026-05-10T16:40:29 IST" name="browserCloseAndQuit" finished-at="2026-05-10T16:40:29 IST" duration-ms="115" status="PASS">
          <reporter-output>
          </reporter-output>
        </test-method> <!-- browserCloseAndQuit -->
      </class> <!-- testScripts.LoginTest -->
    </test> <!-- Default test -->
  </suite> <!-- Default suite -->
</testng-results>
