<?xml version="1.0" encoding="UTF-8"?>
<testng-results ignored="0" total="4" passed="4" failed="0" skipped="0">
  <reporter-output>
  </reporter-output>
  <suite started-at="2026-05-10T17:49:59 IST" name="Default suite" finished-at="2026-05-10T17:50:07 IST" duration-ms="7669">
    <groups>
    </groups>
    <test started-at="2026-05-10T17:49:59 IST" name="Default test" finished-at="2026-05-10T17:50:07 IST" duration-ms="7669">
      <class name="testScripts.LoginTest">
        <test-method is-config="true" signature="browserLaunch()[pri:0, instance:testScripts.LoginTest@2a3b5b47]" started-at="2026-05-10T17:49:59 IST" name="browserLaunch" finished-at="2026-05-10T17:50:01 IST" duration-ms="1609" status="PASS">
          <reporter-output>
          </reporter-output>
        </test-method> <!-- browserLaunch -->
        <test-method signature="verifyUserLoginWithInvalidCredentials()[pri:0, instance:testScripts.LoginTest@2a3b5b47]" started-at="2026-05-10T17:50:01 IST" name="verifyUserLoginWithInvalidCredentials" finished-at="2026-05-10T17:50:01 IST" duration-ms="604" status="PASS">
          <reporter-output>
          </reporter-output>
        </test-method> <!-- verifyUserLoginWithInvalidCredentials -->
        <test-method is-config="true" signature="browserCloseAndQuit()[pri:0, instance:testScripts.LoginTest@2a3b5b47]" started-at="2026-05-10T17:50:01 IST" name="browserCloseAndQuit" finished-at="2026-05-10T17:50:02 IST" duration-ms="160" status="PASS">
          <reporter-output>
          </reporter-output>
        </test-method> <!-- browserCloseAndQuit -->
        <test-method is-config="true" signature="browserLaunch()[pri:0, instance:testScripts.LoginTest@2a3b5b47]" started-at="2026-05-10T17:50:02 IST" name="browserLaunch" finished-at="2026-05-10T17:50:03 IST" duration-ms="1711" status="PASS">
          <reporter-output>
          </reporter-output>
        </test-method> <!-- browserLaunch -->
        <test-method signature="verifyUserLoginWithInvalidPassword()[pri:0, instance:testScripts.LoginTest@2a3b5b47]" started-at="2026-05-10T17:50:03 IST" name="verifyUserLoginWithInvalidPassword" finished-at="2026-05-10T17:50:04 IST" duration-ms="245" status="PASS">
          <reporter-output>
          </reporter-output>
        </test-method> <!-- verifyUserLoginWithInvalidPassword -->
        <test-method is-config="true" signature="browserCloseAndQuit()[pri:0, instance:testScripts.LoginTest@2a3b5b47]" started-at="2026-05-10T17:50:04 IST" name="browserCloseAndQuit" finished-at="2026-05-10T17:50:04 IST" duration-ms="136" status="PASS">
          <reporter-output>
          </reporter-output>
        </test-method> <!-- browserCloseAndQuit -->
        <test-method is-config="true" signature="browserLaunch()[pri:0, instance:testScripts.LoginTest@2a3b5b47]" started-at="2026-05-10T17:50:04 IST" name="browserLaunch" finished-at="2026-05-10T17:50:05 IST" duration-ms="1244" status="PASS">
          <reporter-output>
          </reporter-output>
        </test-method> <!-- browserLaunch -->
        <test-method signature="verifyUserLoginWithInvalidUsername()[pri:0, instance:testScripts.LoginTest@2a3b5b47]" started-at="2026-05-10T17:50:05 IST" name="verifyUserLoginWithInvalidUsername" finished-at="2026-05-10T17:50:05 IST" duration-ms="256" status="PASS">
          <reporter-output>
          </reporter-output>
        </test-method> <!-- verifyUserLoginWithInvalidUsername -->
        <test-method is-config="true" signature="browserCloseAndQuit()[pri:0, instance:testScripts.LoginTest@2a3b5b47]" started-at="2026-05-10T17:50:05 IST" name="browserCloseAndQuit" finished-at="2026-05-10T17:50:05 IST" duration-ms="129" status="PASS">
          <reporter-output>
          </reporter-output>
        </test-method> <!-- browserCloseAndQuit -->
        <test-method is-config="true" signature="browserLaunch()[pri:0, instance:testScripts.LoginTest@2a3b5b47]" started-at="2026-05-10T17:50:05 IST" name="browserLaunch" finished-at="2026-05-10T17:50:07 IST" duration-ms="1199" status="PASS">
          <reporter-output>
          </reporter-output>
        </test-method> <!-- browserLaunch -->
        <test-method signature="verifyUserLoginWithValidCredentials()[pri:0, instance:testScripts.LoginTest@2a3b5b47]" started-at="2026-05-10T17:50:07 IST" name="verifyUserLoginWithValidCredentials" finished-at="2026-05-10T17:50:07 IST" duration-ms="217" status="PASS">
          <reporter-output>
          </reporter-output>
        </test-method> <!-- verifyUserLoginWithValidCredentials -->
        <test-method is-config="true" signature="browserCloseAndQuit()[pri:0, instance:testScripts.LoginTest@2a3b5b47]" started-at="2026-05-10T17:50:07 IST" name="browserCloseAndQuit" finished-at="2026-05-10T17:50:07 IST" duration-ms="109" status="PASS">
          <reporter-output>
          </reporter-output>
        </test-method> <!-- browserCloseAndQuit -->
      </class> <!-- testScripts.LoginTest -->
    </test> <!-- Default test -->
  </suite> <!-- Default suite -->
</testng-results>
