<?xml version="1.0" encoding="UTF-8"?>
<!-- Generated by org.testng.reporters.JUnitXMLReporter -->
<testsuite ignored="0" hostname="DESKTOP-54PJQL5" failures="0" tests="4" name="Default test" time="7.669" errors="0" timestamp="2026-05-10T17:50:07 IST">
  <testcase classname="testScripts.LoginTest" name="verifyUserLoginWithInvalidCredentials" time="0.604"/>
  <testcase classname="testScripts.LoginTest" name="verifyUserLoginWithInvalidPassword" time="0.245"/>
  <testcase classname="testScripts.LoginTest" name="verifyUserLoginWithInvalidUsername" time="0.256"/>
  <testcase classname="testScripts.LoginTest" name="verifyUserLoginWithValidCredentials" time="0.217"/>
</testsuite> <!-- Default test -->
