<?xml version="1.0" encoding="UTF-8"?>
<!-- Generated by org.testng.reporters.JUnitReportReporter -->
<testsuite hostname="DESKTOP-54PJQL5" failures="0" tests="4" name="testScripts.LoginTest" time="7.062" errors="0" timestamp="2026-05-10T16:40:29 IST" skipped="0">
  <testcase classname="testScripts.LoginTest" name="verifyUserLoginWithValidCredentials" time="1.761"/>
  <testcase classname="testScripts.LoginTest" name="verifyUserLoginWithInvalidUsername" time="1.789"/>
  <testcase classname="testScripts.LoginTest" name="verifyUserLoginWithInvalidCredentials" time="1.871"/>
  <testcase classname="testScripts.LoginTest" name="verifyUserLoginWithInvalidPassword" time="1.641"/>
</testsuite> <!-- testScripts.LoginTest -->
