<?xml version="1.0" encoding="UTF-8"?>
<!-- Generated by org.testng.reporters.JUnitReportReporter -->
<testsuite hostname="DESKTOP-54PJQL5" failures="0" tests="4" name="testScripts.LoginTest" time="7.619" errors="0" timestamp="2026-05-10T17:50:07 IST" skipped="0">
  <testcase classname="testScripts.LoginTest" name="verifyUserLoginWithInvalidUsername" time="1.564"/>
  <testcase classname="testScripts.LoginTest" name="verifyUserLoginWithValidCredentials" time="1.986"/>
  <testcase classname="testScripts.LoginTest" name="verifyUserLoginWithInvalidCredentials" time="1.977"/>
  <testcase classname="testScripts.LoginTest" name="verifyUserLoginWithInvalidPassword" time="2.092"/>
</testsuite> <!-- testScripts.LoginTest -->
